[debug] [2025-12-10T13:55:51.119Z] ----------------------------------------------------------------------
[debug] [2025-12-10T13:55:51.125Z] Command:       C:\nvm4w\nodejs\node.exe C:\Users\tdedo\AppData\Roaming\npm\node_modules\firebase-tools\lib\bin\firebase.js emulators:start
[debug] [2025-12-10T13:55:51.126Z] CLI Version:   14.18.0
[debug] [2025-12-10T13:55:51.127Z] Platform:      win32
[debug] [2025-12-10T13:55:51.127Z] Node Version:  v22.21.1
[debug] [2025-12-10T13:55:51.128Z] Time:          Wed Dec 10 2025 14:55:51 GMT+0100 (Central European Standard Time)
[debug] [2025-12-10T13:55:51.128Z] ----------------------------------------------------------------------
[debug] 
[debug] [2025-12-10T13:55:51.135Z] >>> [apiv2][query] GET https://firebase-public.firebaseio.com/cli.json [none]
[debug] [2025-12-10T13:55:51.828Z] > command requires scopes: ["email","openid","https://www.googleapis.com/auth/cloudplatformprojects.readonly","https://www.googleapis.com/auth/firebase","https://www.googleapis.com/auth/cloud-platform"]
[debug] [2025-12-10T13:55:51.830Z] > authorizing via signed-in user (tdedobbeleer@gmail.com)
[debug] [2025-12-10T13:55:52.034Z] openjdk version "21.0.9" 2025-10-21 LTS

[debug] [2025-12-10T13:55:52.035Z] OpenJDK Runtime Environment Zulu21.46+19-CA (build 21.0.9+10-LTS)
OpenJDK 64-Bit Server VM Zulu21.46+19-CA (build 21.0.9+10-LTS, mixed mode, sharing)

[debug] [2025-12-10T13:55:52.092Z] Parsed Java major version: 21
[info] i  emulators: Starting emulators: firestore {"metadata":{"emulator":{"name":"hub"},"message":"Starting emulators: firestore"}}
[info] i  emulators: Detected demo project ID "demo-no-project", emulated services will use a demo configuration and attempts to access non-emulated services for this project will fail. {"metadata":{"emulator":{"name":"hub"},"message":"Detected demo project ID \"demo-no-project\", emulated services will use a demo configuration and attempts to access non-emulated services for this project will fail."}}
[debug] [2025-12-10T13:55:52.125Z] [logging] Logging Emulator only supports listening on one address (127.0.0.1). Not listening on ::1
[debug] [2025-12-10T13:55:52.125Z] [firestore] Firestore Emulator only supports listening on one address (127.0.0.1). Not listening on ::1
[debug] [2025-12-10T13:55:52.125Z] [firestore.websocket] websocket server for firestore only supports listening on one address (127.0.0.1). Not listening on ::1
[debug] [2025-12-10T13:55:52.127Z] assigned listening specs for emulators {"user":{"hub":[{"address":"127.0.0.1","family":"IPv4","port":4400},{"address":"::1","family":"IPv6","port":4400}],"ui":[{"address":"127.0.0.1","family":"IPv4","port":4000},{"address":"::1","family":"IPv6","port":4000}],"logging":[{"address":"127.0.0.1","family":"IPv4","port":4500}],"firestore":[{"address":"127.0.0.1","family":"IPv4","port":8080}],"firestore.websocket":[{"address":"127.0.0.1","family":"IPv4","port":9150}]},"metadata":{"message":"assigned listening specs for emulators"}}
[debug] [2025-12-10T13:55:52.142Z] Emulator locator file path: C:\Users\tdedo\AppData\Local\Temp\hub-demo-no-project.json
[debug] [2025-12-10T13:55:52.143Z] [hub] writing locator at C:\Users\tdedo\AppData\Local\Temp\hub-demo-no-project.json
[debug] [2025-12-10T13:55:52.160Z] <<< [apiv2][status] GET https://firebase-public.firebaseio.com/cli.json 200
[debug] [2025-12-10T13:55:52.161Z] <<< [apiv2][body] GET https://firebase-public.firebaseio.com/cli.json {"cloudBuildErrorAfter":1594252800000,"cloudBuildWarnAfter":1590019200000,"defaultNode10After":1594252800000,"minVersion":"3.0.5","node8DeploysDisabledAfter":1613390400000,"node8RuntimeDisabledAfter":1615809600000,"node8WarnAfter":1600128000000}
[warn] !  firestore: Cloud Firestore rules file C:\Users\tdedo\projects\carpolly-react-native\firestore.rules specified in firebase.json does not exist. {"metadata":{"emulator":{"name":"firestore"},"message":"Cloud Firestore rules file \u001b[1mC:\\Users\\tdedo\\projects\\carpolly-react-native\\firestore.rules\u001b[22m specified in firebase.json does not exist."}}
[warn] !  firestore: The emulator will default to allowing all reads and writes. Learn more about this option: https://firebase.google.com/docs/emulator-suite/install_and_configure#security_rules_configuration. {"metadata":{"emulator":{"name":"firestore"},"message":"The emulator will default to allowing all reads and writes. Learn more about this option: https://firebase.google.com/docs/emulator-suite/install_and_configure#security_rules_configuration."}}
[debug] [2025-12-10T13:55:52.248Z] Ignoring unsupported arg: auto_download {"metadata":{"emulator":{"name":"firestore"},"message":"Ignoring unsupported arg: auto_download"}}
[debug] [2025-12-10T13:55:52.248Z] Ignoring unsupported arg: single_project_mode_error {"metadata":{"emulator":{"name":"firestore"},"message":"Ignoring unsupported arg: single_project_mode_error"}}
[debug] [2025-12-10T13:55:52.248Z] Starting Firestore Emulator with command {"binary":"java","args":["-Dgoogle.cloud_firestore.debug_log_level=FINE","-Duser.language=en","-jar","C:\\Users\\tdedo\\.cache\\firebase\\emulators\\cloud-firestore-emulator-v1.19.8.jar","--host","127.0.0.1","--port",8080,"--websocket_port",9150,"--project_id","demo-no-project","--single_project_mode",true],"optionalArgs":["port","webchannel_port","host","rules","websocket_port","functions_emulator","seed_from_export","project_id","single_project_mode"],"joinArgs":false,"shell":false,"port":8080} {"metadata":{"emulator":{"name":"firestore"},"message":"Starting Firestore Emulator with command {\"binary\":\"java\",\"args\":[\"-Dgoogle.cloud_firestore.debug_log_level=FINE\",\"-Duser.language=en\",\"-jar\",\"C:\\\\Users\\\\tdedo\\\\.cache\\\\firebase\\\\emulators\\\\cloud-firestore-emulator-v1.19.8.jar\",\"--host\",\"127.0.0.1\",\"--port\",8080,\"--websocket_port\",9150,\"--project_id\",\"demo-no-project\",\"--single_project_mode\",true],\"optionalArgs\":[\"port\",\"webchannel_port\",\"host\",\"rules\",\"websocket_port\",\"functions_emulator\",\"seed_from_export\",\"project_id\",\"single_project_mode\"],\"joinArgs\":false,\"shell\":false,\"port\":8080}"}}
[info] i  firestore: Firestore Emulator logging to firestore-debug.log {"metadata":{"emulator":{"name":"firestore"},"message":"Firestore Emulator logging to \u001b[1mfirestore-debug.log\u001b[22m"}}
[debug] [2025-12-10T13:55:56.537Z] Dec 10, 2025 2:55:56 PM com.google.cloud.datastore.emulator.firestore.websocket.WebSocketServer start
INFO: Started WebSocket server on ws://127.0.0.1:9150
 {"metadata":{"emulator":{"name":"firestore"},"message":"Dec 10, 2025 2:55:56 PM com.google.cloud.datastore.emulator.firestore.websocket.WebSocketServer start\r\nINFO: Started WebSocket server on ws://127.0.0.1:9150\r\n"}}
[debug] [2025-12-10T13:55:56.713Z] API endpoint: http:// {"metadata":{"emulator":{"name":"firestore"},"message":"API endpoint: http://"}}
[debug] [2025-12-10T13:55:56.714Z] 127.0.0.1:8080
If you are using a library that supports the FIRESTORE_EMULATOR_HOST environment variable, run:

   export FIRESTORE_EMULATOR_HOST=127.0.0.1:8080

If you are running a Firestore in Datastore Mode project, run:

   export DATASTORE_EMULATOR_HOST=127.0.0.1:8080

Note: Support for Datastore Mode is in preview. If you encounter any bugs please file at https://github.com/firebase/firebase-tools/issues.
Dev App Server is now running.

 {"metadata":{"emulator":{"name":"firestore"},"message":"127.0.0.1:8080\nIf you are using a library that supports the FIRESTORE_EMULATOR_HOST environment variable, run:\r\n\n   export FIRESTORE_EMULATOR_HOST=127.0.0.1:8080\n\nIf you are running a Firestore in Datastore Mode project, run:\r\n\n   export DATASTORE_EMULATOR_HOST=127.0.0.1:8080\n\nNote: Support for Datastore Mode is in preview. If you encounter any bugs please file at https://github.com/firebase/firebase-tools/issues.\r\nDev App Server is now running.\n\r\n"}}
[info] +  firestore: Firestore Emulator UI websocket is running on 9150. {"metadata":{"emulator":{"name":"firestore"},"message":"Firestore Emulator UI websocket is running on 9150."}}
[debug] [2025-12-10T13:55:56.925Z] Could not find VSCode notification endpoint: FetchError: request to http://localhost:40001/vscode/notify failed, reason: . If you are not running the Firebase Data Connect VSCode extension, this is expected and not an issue.
[info] 
┌─────────────────────────────────────────────────────────────┐
│ ✔  All emulators ready! It is now safe to connect your app. │
│ i  View Emulator UI at http://127.0.0.1:4000/               │
└─────────────────────────────────────────────────────────────┘

┌───────────┬────────────────┬─────────────────────────────────┐
│ Emulator  │ Host:Port      │ View in Emulator UI             │
├───────────┼────────────────┼─────────────────────────────────┤
│ Firestore │ 127.0.0.1:8080 │ http://127.0.0.1:4000/firestore │
└───────────┴────────────────┴─────────────────────────────────┘
  Emulator Hub host: 127.0.0.1 port: 4400
  Other reserved ports: 4500, 9150

Issues? Report them at https://github.com/firebase/firebase-tools/issues and attach the *-debug.log files.
 
[debug] [2025-12-10T13:57:49.677Z] Dec 10, 2025 2:57:49 PM io.gapi.emulators.netty.HttpVersionRoutingHandler channelRead
INFO: Detected HTTP/2 connection.
 {"metadata":{"emulator":{"name":"firestore"},"message":"Dec 10, 2025 2:57:49 PM io.gapi.emulators.netty.HttpVersionRoutingHandler channelRead\r\nINFO: Detected HTTP/2 connection.\r\n"}}
[debug] [2025-12-10T13:57:50.053Z] Multiple projectIds are not recommended in single project mode. Requested project ID carpolly-dummy, but the emulator is configured for demo-no-project. To opt-out of single project mode add/set the '"singleProjectMode": false' property in the firebase.json emulators config.
 {"metadata":{"emulator":{"name":"firestore"},"message":"Multiple projectIds are not recommended in single project mode. Requested project ID carpolly-dummy, but the emulator is configured for demo-no-project. To opt-out of single project mode add/set the '\"singleProjectMode\": false' property in the firebase.json emulators config.\r\n"}}
[debug] [2025-12-10T13:58:25.781Z] Multiple projectIds are not recommended in single project mode. Requested project ID carpolly-dummy, but the emulator is configured for demo-no-project. To opt-out of single project mode add/set the '"singleProjectMode": false' property in the firebase.json emulators config.
 {"metadata":{"emulator":{"name":"firestore"},"message":"Multiple projectIds are not recommended in single project mode. Requested project ID carpolly-dummy, but the emulator is configured for demo-no-project. To opt-out of single project mode add/set the '\"singleProjectMode\": false' property in the firebase.json emulators config.\r\n"}}
[debug] [2025-12-10T14:00:16.345Z] Multiple projectIds are not recommended in single project mode. Requested project ID carpolly-dummy, but the emulator is configured for demo-no-project. To opt-out of single project mode add/set the '"singleProjectMode": false' property in the firebase.json emulators config.
 {"metadata":{"emulator":{"name":"firestore"},"message":"Multiple projectIds are not recommended in single project mode. Requested project ID carpolly-dummy, but the emulator is configured for demo-no-project. To opt-out of single project mode add/set the '\"singleProjectMode\": false' property in the firebase.json emulators config.\r\n"}}
[debug] [2025-12-10T14:03:25.860Z] Dec 10, 2025 3:03:25 PM io.gapi.emulators.netty.HttpVersionRoutingHandler channelRead
INFO: Detected HTTP/2 connection.
 {"metadata":{"emulator":{"name":"firestore"},"message":"Dec 10, 2025 3:03:25 PM io.gapi.emulators.netty.HttpVersionRoutingHandler channelRead\r\nINFO: Detected HTTP/2 connection.\r\n"}}
[debug] [2025-12-10T14:03:25.876Z] Multiple projectIds are not recommended in single project mode. Requested project ID carpolly-dummy, but the emulator is configured for demo-no-project. To opt-out of single project mode add/set the '"singleProjectMode": false' property in the firebase.json emulators config.
 {"metadata":{"emulator":{"name":"firestore"},"message":"Multiple projectIds are not recommended in single project mode. Requested project ID carpolly-dummy, but the emulator is configured for demo-no-project. To opt-out of single project mode add/set the '\"singleProjectMode\": false' property in the firebase.json emulators config.\r\n"}}
[debug] [2025-12-10T14:06:25.964Z] Dec 10, 2025 3:06:25 PM io.gapi.emulators.netty.HttpVersionRoutingHandler channelRead
INFO: Detected HTTP/2 connection.
 {"metadata":{"emulator":{"name":"firestore"},"message":"Dec 10, 2025 3:06:25 PM io.gapi.emulators.netty.HttpVersionRoutingHandler channelRead\r\nINFO: Detected HTTP/2 connection.\r\n"}}
[debug] [2025-12-10T14:06:25.995Z] Multiple projectIds are not recommended in single project mode. Requested project ID carpolly-dummy, but the emulator is configured for demo-no-project. To opt-out of single project mode add/set the '"singleProjectMode": false' property in the firebase.json emulators config.
 {"metadata":{"emulator":{"name":"firestore"},"message":"Multiple projectIds are not recommended in single project mode. Requested project ID carpolly-dummy, but the emulator is configured for demo-no-project. To opt-out of single project mode add/set the '\"singleProjectMode\": false' property in the firebase.json emulators config.\r\n"}}
[debug] [2025-12-10T14:14:15.349Z] Multiple projectIds are not recommended in single project mode. Requested project ID carpolly-dummy, but the emulator is configured for demo-no-project. To opt-out of single project mode add/set the '"singleProjectMode": false' property in the firebase.json emulators config.
 {"metadata":{"emulator":{"name":"firestore"},"message":"Multiple projectIds are not recommended in single project mode. Requested project ID carpolly-dummy, but the emulator is configured for demo-no-project. To opt-out of single project mode add/set the '\"singleProjectMode\": false' property in the firebase.json emulators config.\r\n"}}
[debug] [2025-12-10T14:20:54.150Z] Multiple projectIds are not recommended in single project mode. Requested project ID carpolly-dummy, but the emulator is configured for demo-no-project. To opt-out of single project mode add/set the '"singleProjectMode": false' property in the firebase.json emulators config.
 {"metadata":{"emulator":{"name":"firestore"},"message":"Multiple projectIds are not recommended in single project mode. Requested project ID carpolly-dummy, but the emulator is configured for demo-no-project. To opt-out of single project mode add/set the '\"singleProjectMode\": false' property in the firebase.json emulators config.\r\n"}}
[debug] [2025-12-10T18:15:07.633Z] Dec 10, 2025 7:15:07 PM io.gapi.emulators.netty.HttpVersionRoutingHandler channelRead
INFO: Detected HTTP/2 connection.
 {"metadata":{"emulator":{"name":"firestore"},"message":"Dec 10, 2025 7:15:07 PM io.gapi.emulators.netty.HttpVersionRoutingHandler channelRead\r\nINFO: Detected HTTP/2 connection.\r\n"}}
[debug] [2025-12-10T18:15:07.656Z] Multiple projectIds are not recommended in single project mode. Requested project ID carpolly-dummy, but the emulator is configured for demo-no-project. To opt-out of single project mode add/set the '"singleProjectMode": false' property in the firebase.json emulators config.
 {"metadata":{"emulator":{"name":"firestore"},"message":"Multiple projectIds are not recommended in single project mode. Requested project ID carpolly-dummy, but the emulator is configured for demo-no-project. To opt-out of single project mode add/set the '\"singleProjectMode\": false' property in the firebase.json emulators config.\r\n"}}
[debug] [2025-12-10T18:35:07.756Z] Dec 10, 2025 7:35:07 PM io.gapi.emulators.netty.HttpVersionRoutingHandler channelRead
INFO: Detected HTTP/2 connection.
 {"metadata":{"emulator":{"name":"firestore"},"message":"Dec 10, 2025 7:35:07 PM io.gapi.emulators.netty.HttpVersionRoutingHandler channelRead\r\nINFO: Detected HTTP/2 connection.\r\n"}}
[debug] [2025-12-10T18:35:07.773Z] Multiple projectIds are not recommended in single project mode. Requested project ID carpolly-dummy, but the emulator is configured for demo-no-project. To opt-out of single project mode add/set the '"singleProjectMode": false' property in the firebase.json emulators config.
 {"metadata":{"emulator":{"name":"firestore"},"message":"Multiple projectIds are not recommended in single project mode. Requested project ID carpolly-dummy, but the emulator is configured for demo-no-project. To opt-out of single project mode add/set the '\"singleProjectMode\": false' property in the firebase.json emulators config.\r\n"}}
[debug] [2025-12-10T18:44:54.881Z] Dec 10, 2025 7:44:54 PM io.gapi.emulators.netty.HttpVersionRoutingHandler channelRead
INFO: Detected non-HTTP/2 connection.
 {"metadata":{"emulator":{"name":"firestore"},"message":"Dec 10, 2025 7:44:54 PM io.gapi.emulators.netty.HttpVersionRoutingHandler channelRead\r\nINFO: Detected non-HTTP/2 connection.\r\n"}}
[debug] [2025-12-10T18:44:55.117Z] Multiple projectIds are not recommended in single project mode. Requested project ID carpolly-dummy, but the emulator is configured for demo-no-project. To opt-out of single project mode add/set the '"singleProjectMode": false' property in the firebase.json emulators config.
 {"metadata":{"emulator":{"name":"firestore"},"message":"Multiple projectIds are not recommended in single project mode. Requested project ID carpolly-dummy, but the emulator is configured for demo-no-project. To opt-out of single project mode add/set the '\"singleProjectMode\": false' property in the firebase.json emulators config.\r\n"}}
[debug] [2025-12-10T18:44:55.321Z] Dec 10, 2025 7:44:55 PM io.gapi.emulators.netty.HttpVersionRoutingHandler channelRead
INFO: Detected non-HTTP/2 connection.
 {"metadata":{"emulator":{"name":"firestore"},"message":"Dec 10, 2025 7:44:55 PM io.gapi.emulators.netty.HttpVersionRoutingHandler channelRead\r\nINFO: Detected non-HTTP/2 connection.\r\n"}}
[debug] [2025-12-10T18:44:55.348Z] Dec 10, 2025 7:44:55 PM io.gapi.emulators.netty.HttpVersionRoutingHandler channelRead
INFO: Detected non-HTTP/2 connection.
 {"metadata":{"emulator":{"name":"firestore"},"message":"Dec 10, 2025 7:44:55 PM io.gapi.emulators.netty.HttpVersionRoutingHandler channelRead\r\nINFO: Detected non-HTTP/2 connection.\r\n"}}
[debug] [2025-12-10T18:44:55.373Z] Dec 10, 2025 7:44:55 PM io.gapi.emulators.netty.HttpVersionRoutingHandler channelRead
INFO: Detected non-HTTP/2 connection.
 {"metadata":{"emulator":{"name":"firestore"},"message":"Dec 10, 2025 7:44:55 PM io.gapi.emulators.netty.HttpVersionRoutingHandler channelRead\r\nINFO: Detected non-HTTP/2 connection.\r\n"}}
[debug] [2025-12-10T18:45:06.182Z] Dec 10, 2025 7:45:06 PM io.gapi.emulators.netty.HttpVersionRoutingHandler channelRead
INFO: Detected non-HTTP/2 connection.
 {"metadata":{"emulator":{"name":"firestore"},"message":"Dec 10, 2025 7:45:06 PM io.gapi.emulators.netty.HttpVersionRoutingHandler channelRead\r\nINFO: Detected non-HTTP/2 connection.\r\n"}}
[debug] [2025-12-10T18:45:06.184Z] Dec 10, 2025 7:45:06 PM io.gapi.emulators.netty.HttpVersionRoutingHandler channelRead
INFO: Detected non-HTTP/2 connection.
 {"metadata":{"emulator":{"name":"firestore"},"message":"Dec 10, 2025 7:45:06 PM io.gapi.emulators.netty.HttpVersionRoutingHandler channelRead\r\nINFO: Detected non-HTTP/2 connection.\r\n"}}
[debug] [2025-12-10T18:45:06.192Z] Multiple projectIds are not recommended in single project mode. Requested project ID carpolly-dummy, but the emulator is configured for demo-no-project. To opt-out of single project mode add/set the '"singleProjectMode": false' property in the firebase.json emulators config.
 {"metadata":{"emulator":{"name":"firestore"},"message":"Multiple projectIds are not recommended in single project mode. Requested project ID carpolly-dummy, but the emulator is configured for demo-no-project. To opt-out of single project mode add/set the '\"singleProjectMode\": false' property in the firebase.json emulators config.\r\n"}}
[debug] [2025-12-10T18:45:06.225Z] Dec 10, 2025 7:45:06 PM io.gapi.emulators.netty.HttpVersionRoutingHandler channelRead
INFO: Detected non-HTTP/2 connection.
 {"metadata":{"emulator":{"name":"firestore"},"message":"Dec 10, 2025 7:45:06 PM io.gapi.emulators.netty.HttpVersionRoutingHandler channelRead\r\nINFO: Detected non-HTTP/2 connection.\r\n"}}
[debug] [2025-12-10T18:45:06.250Z] Dec 10, 2025 7:45:06 PM io.gapi.emulators.netty.HttpVersionRoutingHandler channelRead
INFO: Detected non-HTTP/2 connection.
 {"metadata":{"emulator":{"name":"firestore"},"message":"Dec 10, 2025 7:45:06 PM io.gapi.emulators.netty.HttpVersionRoutingHandler channelRead\r\nINFO: Detected non-HTTP/2 connection.\r\n"}}
[debug] [2025-12-10T18:45:06.265Z] Dec 10, 2025 7:45:06 PM io.gapi.emulators.netty.HttpVersionRoutingHandler channelRead
INFO: Detected non-HTTP/2 connection.
 {"metadata":{"emulator":{"name":"firestore"},"message":"Dec 10, 2025 7:45:06 PM io.gapi.emulators.netty.HttpVersionRoutingHandler channelRead\r\nINFO: Detected non-HTTP/2 connection.\r\n"}}
[debug] [2025-12-10T18:45:06.308Z] Dec 10, 2025 7:45:06 PM io.gapi.emulators.netty.HttpVersionRoutingHandler channelRead
INFO: Detected non-HTTP/2 connection.
 {"metadata":{"emulator":{"name":"firestore"},"message":"Dec 10, 2025 7:45:06 PM io.gapi.emulators.netty.HttpVersionRoutingHandler channelRead\r\nINFO: Detected non-HTTP/2 connection.\r\n"}}
[debug] [2025-12-10T18:45:06.308Z] Dec 10, 2025 7:45:06 PM io.gapi.emulators.netty.HttpVersionRoutingHandler channelRead
INFO: Detected non-HTTP/2 connection.
 {"metadata":{"emulator":{"name":"firestore"},"message":"Dec 10, 2025 7:45:06 PM io.gapi.emulators.netty.HttpVersionRoutingHandler channelRead\r\nINFO: Detected non-HTTP/2 connection.\r\n"}}
[debug] [2025-12-10T18:45:06.354Z] Dec 10, 2025 7:45:06 PM io.gapi.emulators.netty.HttpVersionRoutingHandler channelRead
INFO: Detected non-HTTP/2 connection.
 {"metadata":{"emulator":{"name":"firestore"},"message":"Dec 10, 2025 7:45:06 PM io.gapi.emulators.netty.HttpVersionRoutingHandler channelRead\r\nINFO: Detected non-HTTP/2 connection.\r\n"}}
[debug] [2025-12-10T18:45:06.375Z] Dec 10, 2025 7:45:06 PM io.gapi.emulators.netty.HttpVersionRoutingHandler channelRead
INFO: Detected non-HTTP/2 connection.
 {"metadata":{"emulator":{"name":"firestore"},"message":"Dec 10, 2025 7:45:06 PM io.gapi.emulators.netty.HttpVersionRoutingHandler channelRead\r\nINFO: Detected non-HTTP/2 connection.\r\n"}}
[debug] [2025-12-10T18:45:06.401Z] Dec 10, 2025 7:45:06 PM io.gapi.emulators.netty.HttpVersionRoutingHandler channelRead
INFO: Detected non-HTTP/2 connection.
 {"metadata":{"emulator":{"name":"firestore"},"message":"Dec 10, 2025 7:45:06 PM io.gapi.emulators.netty.HttpVersionRoutingHandler channelRead\r\nINFO: Detected non-HTTP/2 connection.\r\n"}}
[debug] [2025-12-10T18:45:43.517Z] Dec 10, 2025 7:45:43 PM io.gapi.emulators.netty.HttpVersionRoutingHandler channelRead
INFO: Detected HTTP/2 connection.
 {"metadata":{"emulator":{"name":"firestore"},"message":"Dec 10, 2025 7:45:43 PM io.gapi.emulators.netty.HttpVersionRoutingHandler channelRead\r\nINFO: Detected HTTP/2 connection.\r\n"}}
[debug] [2025-12-10T18:45:43.548Z] Multiple projectIds are not recommended in single project mode. Requested project ID carpolly-dummy, but the emulator is configured for demo-no-project. To opt-out of single project mode add/set the '"singleProjectMode": false' property in the firebase.json emulators config.
 {"metadata":{"emulator":{"name":"firestore"},"message":"Multiple projectIds are not recommended in single project mode. Requested project ID carpolly-dummy, but the emulator is configured for demo-no-project. To opt-out of single project mode add/set the '\"singleProjectMode\": false' property in the firebase.json emulators config.\r\n"}}
[debug] [2025-12-10T18:46:06.358Z] Dec 10, 2025 7:46:06 PM io.gapi.emulators.netty.HttpVersionRoutingHandler channelRead
INFO: Detected non-HTTP/2 connection.
 {"metadata":{"emulator":{"name":"firestore"},"message":"Dec 10, 2025 7:46:06 PM io.gapi.emulators.netty.HttpVersionRoutingHandler channelRead\r\nINFO: Detected non-HTTP/2 connection.\r\n"}}
[debug] [2025-12-10T18:46:06.371Z] Dec 10, 2025 7:46:06 PM io.gapi.emulators.netty.HttpVersionRoutingHandler channelRead
INFO: Detected non-HTTP/2 connection.
 {"metadata":{"emulator":{"name":"firestore"},"message":"Dec 10, 2025 7:46:06 PM io.gapi.emulators.netty.HttpVersionRoutingHandler channelRead\r\nINFO: Detected non-HTTP/2 connection.\r\n"}}
[debug] [2025-12-10T18:46:06.377Z] Dec 10, 2025 7:46:06 PM com.google.cloud.datastore.emulator.firestore.webchannel.FirestoreV1WebChannelAdapter$FirestoreWriteHandler onClose
INFO: channel closed
 {"metadata":{"emulator":{"name":"firestore"},"message":"Dec 10, 2025 7:46:06 PM com.google.cloud.datastore.emulator.firestore.webchannel.FirestoreV1WebChannelAdapter$FirestoreWriteHandler onClose\r\nINFO: channel closed\r\n"}}
[debug] [2025-12-10T18:46:06.414Z] Dec 10, 2025 7:46:06 PM io.gapi.emulators.netty.HttpVersionRoutingHandler channelRead
INFO: Detected non-HTTP/2 connection.
 {"metadata":{"emulator":{"name":"firestore"},"message":"Dec 10, 2025 7:46:06 PM io.gapi.emulators.netty.HttpVersionRoutingHandler channelRead\r\nINFO: Detected non-HTTP/2 connection.\r\n"}}
[debug] [2025-12-10T18:47:06.437Z] Dec 10, 2025 7:47:06 PM io.gapi.emulators.netty.HttpVersionRoutingHandler channelRead
INFO: Detected non-HTTP/2 connection.
 {"metadata":{"emulator":{"name":"firestore"},"message":"Dec 10, 2025 7:47:06 PM io.gapi.emulators.netty.HttpVersionRoutingHandler channelRead\r\nINFO: Detected non-HTTP/2 connection.\r\n"}}
[debug] [2025-12-10T18:48:06.462Z] Dec 10, 2025 7:48:06 PM io.gapi.emulators.netty.HttpVersionRoutingHandler channelRead
INFO: Detected non-HTTP/2 connection.
 {"metadata":{"emulator":{"name":"firestore"},"message":"Dec 10, 2025 7:48:06 PM io.gapi.emulators.netty.HttpVersionRoutingHandler channelRead\r\nINFO: Detected non-HTTP/2 connection.\r\n"}}
[debug] [2025-12-10T18:48:14.720Z] Multiple projectIds are not recommended in single project mode. Requested project ID carpolly-dummy, but the emulator is configured for demo-no-project. To opt-out of single project mode add/set the '"singleProjectMode": false' property in the firebase.json emulators config.
 {"metadata":{"emulator":{"name":"firestore"},"message":"Multiple projectIds are not recommended in single project mode. Requested project ID carpolly-dummy, but the emulator is configured for demo-no-project. To opt-out of single project mode add/set the '\"singleProjectMode\": false' property in the firebase.json emulators config.\r\n"}}
[debug] [2025-12-10T18:48:51.491Z] Dec 10, 2025 7:48:51 PM io.gapi.emulators.netty.HttpVersionRoutingHandler channelRead
INFO: Detected non-HTTP/2 connection.
 {"metadata":{"emulator":{"name":"firestore"},"message":"Dec 10, 2025 7:48:51 PM io.gapi.emulators.netty.HttpVersionRoutingHandler channelRead\r\nINFO: Detected non-HTTP/2 connection.\r\n"}}
[debug] [2025-12-10T18:49:49.694Z] Multiple projectIds are not recommended in single project mode. Requested project ID carpolly-dummy, but the emulator is configured for demo-no-project. To opt-out of single project mode add/set the '"singleProjectMode": false' property in the firebase.json emulators config.
 {"metadata":{"emulator":{"name":"firestore"},"message":"Multiple projectIds are not recommended in single project mode. Requested project ID carpolly-dummy, but the emulator is configured for demo-no-project. To opt-out of single project mode add/set the '\"singleProjectMode\": false' property in the firebase.json emulators config.\r\n"}}
[debug] [2025-12-10T18:49:51.569Z] Dec 10, 2025 7:49:51 PM io.gapi.emulators.netty.HttpVersionRoutingHandler channelRead
INFO: Detected non-HTTP/2 connection.
 {"metadata":{"emulator":{"name":"firestore"},"message":"Dec 10, 2025 7:49:51 PM io.gapi.emulators.netty.HttpVersionRoutingHandler channelRead\r\nINFO: Detected non-HTTP/2 connection.\r\n"}}
[debug] [2025-12-10T18:51:06.619Z] Dec 10, 2025 7:51:06 PM io.gapi.emulators.netty.HttpVersionRoutingHandler channelRead
INFO: Detected non-HTTP/2 connection.
 {"metadata":{"emulator":{"name":"firestore"},"message":"Dec 10, 2025 7:51:06 PM io.gapi.emulators.netty.HttpVersionRoutingHandler channelRead\r\nINFO: Detected non-HTTP/2 connection.\r\n"}}
[debug] [2025-12-10T18:51:15.879Z] Multiple projectIds are not recommended in single project mode. Requested project ID carpolly-dummy, but the emulator is configured for demo-no-project. To opt-out of single project mode add/set the '"singleProjectMode": false' property in the firebase.json emulators config.
 {"metadata":{"emulator":{"name":"firestore"},"message":"Multiple projectIds are not recommended in single project mode. Requested project ID carpolly-dummy, but the emulator is configured for demo-no-project. To opt-out of single project mode add/set the '\"singleProjectMode\": false' property in the firebase.json emulators config.\r\n"}}
[debug] [2025-12-10T18:52:06.640Z] Dec 10, 2025 7:52:06 PM io.gapi.emulators.netty.HttpVersionRoutingHandler channelRead
INFO: Detected non-HTTP/2 connection.
 {"metadata":{"emulator":{"name":"firestore"},"message":"Dec 10, 2025 7:52:06 PM io.gapi.emulators.netty.HttpVersionRoutingHandler channelRead\r\nINFO: Detected non-HTTP/2 connection.\r\n"}}
[debug] [2025-12-10T18:53:06.661Z] Dec 10, 2025 7:53:06 PM io.gapi.emulators.netty.HttpVersionRoutingHandler channelRead
INFO: Detected non-HTTP/2 connection.
 {"metadata":{"emulator":{"name":"firestore"},"message":"Dec 10, 2025 7:53:06 PM io.gapi.emulators.netty.HttpVersionRoutingHandler channelRead\r\nINFO: Detected non-HTTP/2 connection.\r\n"}}
[debug] [2025-12-10T18:53:16.020Z] Dec 10, 2025 7:53:16 PM io.gapi.emulators.netty.HttpVersionRoutingHandler channelRead
INFO: Detected HTTP/2 connection.
 {"metadata":{"emulator":{"name":"firestore"},"message":"Dec 10, 2025 7:53:16 PM io.gapi.emulators.netty.HttpVersionRoutingHandler channelRead\r\nINFO: Detected HTTP/2 connection.\r\n"}}
[debug] [2025-12-10T18:53:16.031Z] Multiple projectIds are not recommended in single project mode. Requested project ID carpolly-dummy, but the emulator is configured for demo-no-project. To opt-out of single project mode add/set the '"singleProjectMode": false' property in the firebase.json emulators config.
 {"metadata":{"emulator":{"name":"firestore"},"message":"Multiple projectIds are not recommended in single project mode. Requested project ID carpolly-dummy, but the emulator is configured for demo-no-project. To opt-out of single project mode add/set the '\"singleProjectMode\": false' property in the firebase.json emulators config.\r\n"}}
[debug] [2025-12-10T18:54:06.677Z] Dec 10, 2025 7:54:06 PM io.gapi.emulators.netty.HttpVersionRoutingHandler channelRead
INFO: Detected non-HTTP/2 connection.
 {"metadata":{"emulator":{"name":"firestore"},"message":"Dec 10, 2025 7:54:06 PM io.gapi.emulators.netty.HttpVersionRoutingHandler channelRead\r\nINFO: Detected non-HTTP/2 connection.\r\n"}}
[debug] [2025-12-10T18:55:05.341Z] Dec 10, 2025 7:55:05 PM io.gapi.emulators.netty.HttpVersionRoutingHandler channelRead
INFO: Detected HTTP/2 connection.
 {"metadata":{"emulator":{"name":"firestore"},"message":"Dec 10, 2025 7:55:05 PM io.gapi.emulators.netty.HttpVersionRoutingHandler channelRead\r\nINFO: Detected HTTP/2 connection.\r\n"}}
[debug] [2025-12-10T18:55:05.348Z] Multiple projectIds are not recommended in single project mode. Requested project ID carpolly-dummy, but the emulator is configured for demo-no-project. To opt-out of single project mode add/set the '"singleProjectMode": false' property in the firebase.json emulators config.
 {"metadata":{"emulator":{"name":"firestore"},"message":"Multiple projectIds are not recommended in single project mode. Requested project ID carpolly-dummy, but the emulator is configured for demo-no-project. To opt-out of single project mode add/set the '\"singleProjectMode\": false' property in the firebase.json emulators config.\r\n"}}
[debug] [2025-12-10T18:55:06.700Z] Dec 10, 2025 7:55:06 PM io.gapi.emulators.netty.HttpVersionRoutingHandler channelRead
INFO: Detected non-HTTP/2 connection.
 {"metadata":{"emulator":{"name":"firestore"},"message":"Dec 10, 2025 7:55:06 PM io.gapi.emulators.netty.HttpVersionRoutingHandler channelRead\r\nINFO: Detected non-HTTP/2 connection.\r\n"}}
[debug] [2025-12-10T18:55:51.723Z] Dec 10, 2025 7:55:51 PM io.gapi.emulators.netty.HttpVersionRoutingHandler channelRead
INFO: Detected non-HTTP/2 connection.
 {"metadata":{"emulator":{"name":"firestore"},"message":"Dec 10, 2025 7:55:51 PM io.gapi.emulators.netty.HttpVersionRoutingHandler channelRead\r\nINFO: Detected non-HTTP/2 connection.\r\n"}}
[debug] [2025-12-10T18:56:51.759Z] Dec 10, 2025 7:56:51 PM io.gapi.emulators.netty.HttpVersionRoutingHandler channelRead
INFO: Detected non-HTTP/2 connection.
 {"metadata":{"emulator":{"name":"firestore"},"message":"Dec 10, 2025 7:56:51 PM io.gapi.emulators.netty.HttpVersionRoutingHandler channelRead\r\nINFO: Detected non-HTTP/2 connection.\r\n"}}
[debug] [2025-12-10T18:57:36.784Z] Dec 10, 2025 7:57:36 PM io.gapi.emulators.netty.HttpVersionRoutingHandler channelRead
INFO: Detected non-HTTP/2 connection.
 {"metadata":{"emulator":{"name":"firestore"},"message":"Dec 10, 2025 7:57:36 PM io.gapi.emulators.netty.HttpVersionRoutingHandler channelRead\r\nINFO: Detected non-HTTP/2 connection.\r\n"}}
[debug] [2025-12-10T18:58:05.400Z] Dec 10, 2025 7:58:05 PM io.gapi.emulators.netty.HttpVersionRoutingHandler channelRead
INFO: Detected HTTP/2 connection.
 {"metadata":{"emulator":{"name":"firestore"},"message":"Dec 10, 2025 7:58:05 PM io.gapi.emulators.netty.HttpVersionRoutingHandler channelRead\r\nINFO: Detected HTTP/2 connection.\r\n"}}
[debug] [2025-12-10T18:58:05.406Z] Multiple projectIds are not recommended in single project mode. Requested project ID carpolly-dummy, but the emulator is configured for demo-no-project. To opt-out of single project mode add/set the '"singleProjectMode": false' property in the firebase.json emulators config.
 {"metadata":{"emulator":{"name":"firestore"},"message":"Multiple projectIds are not recommended in single project mode. Requested project ID carpolly-dummy, but the emulator is configured for demo-no-project. To opt-out of single project mode add/set the '\"singleProjectMode\": false' property in the firebase.json emulators config.\r\n"}}
[debug] [2025-12-10T18:58:21.801Z] Dec 10, 2025 7:58:21 PM io.gapi.emulators.netty.HttpVersionRoutingHandler channelRead
INFO: Detected non-HTTP/2 connection.
 {"metadata":{"emulator":{"name":"firestore"},"message":"Dec 10, 2025 7:58:21 PM io.gapi.emulators.netty.HttpVersionRoutingHandler channelRead\r\nINFO: Detected non-HTTP/2 connection.\r\n"}}
[debug] [2025-12-10T18:59:21.824Z] Dec 10, 2025 7:59:21 PM io.gapi.emulators.netty.HttpVersionRoutingHandler channelRead
INFO: Detected non-HTTP/2 connection.
 {"metadata":{"emulator":{"name":"firestore"},"message":"Dec 10, 2025 7:59:21 PM io.gapi.emulators.netty.HttpVersionRoutingHandler channelRead\r\nINFO: Detected non-HTTP/2 connection.\r\n"}}
[debug] [2025-12-10T19:00:06.841Z] Dec 10, 2025 8:00:06 PM io.gapi.emulators.netty.HttpVersionRoutingHandler channelRead
INFO: Detected non-HTTP/2 connection.
 {"metadata":{"emulator":{"name":"firestore"},"message":"Dec 10, 2025 8:00:06 PM io.gapi.emulators.netty.HttpVersionRoutingHandler channelRead\r\nINFO: Detected non-HTTP/2 connection.\r\n"}}
